
> flynerdtech@0.1.0 build
> prisma generate && next build

Environment variables loaded from .env
Prisma schema loaded from prisma\schema.prisma

Γ£ö Generated Prisma Client (v5.22.0) to .\node_modules\@prisma\client in 65ms

Start by importing your Prisma Client (See: https://pris.ly/d/importing-client)

Tip: Easily identify and fix slow SQL queries in your app. Optimize helps you enhance your visibility: https://pris.ly/--optimize

Γû▓ Next.js 16.1.6 (Turbopack)
- Environments: .env

  Creating an optimized production build ...
Γ£ô Compiled successfully in 5.5s
  Running TypeScript ...
node.exe : Failed to 
compile.
At line:1 char:1
+ & "C:\Program 
Files\nodejs/node.exe" 
"C:\Program 
Files\nodejs/node_mo 
...
+ ~~~~~~~~~~~~~~~~~~~~~
~~~~~~~~~~~~~~~~~~~~~~~
~~~~~~~~~~~~~~~~~~~~~~~
~~
    + CategoryInfo     
         : NotSpecifi  
  ed: (Failed to com   
 pile.:String) [],     
RemoteException
    + FullyQualifiedEr 
   rorId : NativeComm  
  andError
 

./app/api/agents/builde
r/route.ts:26:27
Type error: Expected 3 
arguments, but got 2.

[0m [90m 24 |[39m   
  [36mlet[39m 
demoSiteUrl 
[33m=[39m 
[32m""[39m[33m;[39m
 [90m 25 |[39m     
[36mtry[39m {
[31m[1m>[22m[39m[9
0m 26 |[39m       
demoSiteUrl 
[33m=[39m 
[36mawait[39m cloneAn
dDeployTemplate(project
Name[33m,[39m templat
eRepo)[33m;[39m
 [90m    |[39m       
                    
[31m[1m^[22m[39m
 [90m 27 |[39m     } 
[36mcatch[39m 
(e[33m:[39m any) {
 [90m 28 |[39m       
console[33m.[39merror
([32m"[Builder Agent] 
Vercel integration erro
r:"[39m[33m,[39m e[
33m.[39mmessage)[33m;
[39m
 [90m 29 |[39m       
demoSiteUrl 
[33m=[39m [32m`https
://${projectName}.verce
l.app`[39m[33m;[39m 
[90m// Fallback 
layout[39m[0m
Next.js build worker 
exited with code: 1 
and signal: null
